c:\users\jose\documents\tec\2020\semestre i\datos ii\proyecto ii\spirit-tower\server\servervs\x64\debug\vc142.pdb
c:\users\jose\documents\tec\2020\semestre i\datos ii\proyecto ii\spirit-tower\server\servervs\x64\debug\vc142.idb
c:\users\jose\documents\tec\2020\semestre i\datos ii\proyecto ii\spirit-tower\server\servervs\x64\debug\tcplistener.obj
c:\users\jose\documents\tec\2020\semestre i\datos ii\proyecto ii\spirit-tower\server\servervs\x64\debug\servervs.obj
c:\users\jose\documents\tec\2020\semestre i\datos ii\proyecto ii\spirit-tower\server\servervs\x64\debug\jugador.obj
c:\users\jose\documents\tec\2020\semestre i\datos ii\proyecto ii\spirit-tower\server\servervs\x64\debug\search.obj
c:\users\jose\documents\tec\2020\semestre i\datos ii\proyecto ii\spirit-tower\server\servervs\x64\debug\espectro.obj
c:\users\jose\documents\tec\2020\semestre i\datos ii\proyecto ii\spirit-tower\server\servervs\x64\debug\genetic.obj
c:\users\jose\documents\tec\2020\semestre i\datos ii\proyecto ii\spirit-tower\server\servervs\x64\debug\juego.obj
c:\users\jose\documents\tec\2020\semestre i\datos ii\proyecto ii\spirit-tower\server\servervs\x64\debug\piso.obj
c:\users\nati gonzalez\desktop\proyecto2datos2\spirit-tower\server\servervs\x64\debug\vc142.pdb
c:\users\nati gonzalez\desktop\proyecto2datos2\spirit-tower\server\servervs\x64\debug\vc142.idb
c:\users\nati gonzalez\desktop\proyecto2datos2\spirit-tower\server\servervs\x64\debug\tcplistener.obj
c:\users\nati gonzalez\desktop\proyecto2datos2\spirit-tower\server\servervs\x64\debug\servervs.obj
c:\users\nati gonzalez\desktop\proyecto2datos2\spirit-tower\server\servervs\x64\debug\search.obj
c:\users\nati gonzalez\desktop\proyecto2datos2\spirit-tower\server\servervs\x64\debug\jugador.obj
c:\users\nati gonzalez\desktop\proyecto2datos2\spirit-tower\server\servervs\x64\debug\juego.obj
c:\users\nati gonzalez\desktop\proyecto2datos2\spirit-tower\server\servervs\x64\debug\espectro.obj
c:\users\jose\documents\tec\2020\semestre i\datos ii\proyecto ii\spirit-tower\server\servervs\x64\debug\servervs.exe
c:\users\jose\documents\tec\2020\semestre i\datos ii\proyecto ii\spirit-tower\server\servervs\x64\debug\servervs.ilk
c:\users\jose\documents\tec\2020\semestre i\datos ii\proyecto ii\spirit-tower\server\servervs\x64\debug\servervs.pdb
c:\users\nati gonzalez\desktop\proyecto2datos2\spirit-tower\server\servervs\x64\debug\genetic.obj
c:\users\nati gonzalez\desktop\proyecto2datos2\spirit-tower\server\servervs\x64\debug\piso.obj
c:\users\nati gonzalez\desktop\proyecto2datos2\spirit-tower\server\servervs\x64\debug\servervs.ilk
c:\users\nati gonzalez\desktop\proyecto2datos2\spirit-tower\server\servervs\x64\debug\servervs.exe
c:\users\nati gonzalez\desktop\proyecto2datos2\spirit-tower\server\servervs\x64\debug\servervs.tlog\cl.command.1.tlog
c:\users\nati gonzalez\desktop\proyecto2datos2\spirit-tower\server\servervs\x64\debug\servervs.tlog\cl.read.1.tlog
c:\users\nati gonzalez\desktop\proyecto2datos2\spirit-tower\server\servervs\x64\debug\servervs.tlog\cl.write.1.tlog
c:\users\nati gonzalez\desktop\proyecto2datos2\spirit-tower\server\servervs\x64\debug\servervs.tlog\link.command.1.tlog
c:\users\nati gonzalez\desktop\proyecto2datos2\spirit-tower\server\servervs\x64\debug\servervs.tlog\link.read.1.tlog
c:\users\nati gonzalez\desktop\proyecto2datos2\spirit-tower\server\servervs\x64\debug\servervs.tlog\link.write.1.tlog
